Acción, Fecha
-----------------------------------------------------------------
..................................................................
Menú, 2020-12-05 23:43:41.684921
..................................................................
Búsqueda de clientes por nombre, 2020-12-05 23:43:44.107759
..................................................................
Ingreso inválido al menú, 2020-12-05 23:43:45.394245
..................................................................
Menú, 2020-12-05 23:43:45.394245
..................................................................
Búsqueda total usuarios por empresa, 2020-12-05 23:43:50.262971
..................................................................
Ingreso inválido al menú, 2020-12-05 23:43:57.681162
..................................................................
Menú, 2020-12-05 23:43:57.696789
..................................................................
Consultar montos por empresa, 2020-12-05 23:44:06.220848
..................................................................
Ingreso inválido al menú, 2020-12-05 23:44:14.147010
..................................................................
Menú, 2020-12-05 23:44:14.147010
..................................................................
Consultar total de viajes y monto por DNI, 2020-12-05 23:44:20.384961
..................................................................
Ingreso inválido al menú, 2020-12-05 23:44:30.253906
..................................................................
Menú, 2020-12-05 23:44:30.253906
..................................................................
Ingreso inválido al menú, 2020-12-05 23:44:30.269528
..................................................................
Menú, 2020-12-05 23:44:30.269528
..................................................................
Ingreso inválido al menú, 2020-12-05 23:44:30.269528
..................................................................
Menú, 2020-12-05 23:44:30.269528
..................................................................
Ingreso inválido al menú, 2020-12-05 23:44:30.285152
..................................................................
Menú, 2020-12-05 23:44:30.285152
..................................................................
Ingreso inválido al menú, 2020-12-05 23:44:30.285152
..................................................................
Menú, 2020-12-05 23:44:30.285152
..................................................................
Ingreso inválido al menú, 2020-12-05 23:44:30.300776
..................................................................
Menú, 2020-12-05 23:44:30.300776
..................................................................
Ingreso inválido al menú, 2020-12-05 23:44:30.300776
..................................................................
Menú, 2020-12-05 23:44:30.316401
..................................................................
Ingreso inválido al menú, 2020-12-05 23:44:30.316401
..................................................................
Menú, 2020-12-05 23:44:30.316401
..................................................................
Ingreso inválido al menú, 2020-12-05 23:44:30.332027
..................................................................
Menú, 2020-12-05 23:44:30.332027
..................................................................
Ingreso inválido al menú, 2020-12-05 23:44:30.332027
..................................................................
Menú, 2020-12-05 23:44:30.332027
..................................................................
Ingreso inválido al menú, 2020-12-05 23:44:30.347650
..................................................................
Menú, 2020-12-05 23:44:30.347650
..................................................................
Ingreso inválido al menú, 2020-12-05 23:44:30.347650
..................................................................
Menú, 2020-12-05 23:44:30.363275
..................................................................
Ingreso inválido al menú, 2020-12-05 23:44:30.363275
..................................................................
Menú, 2020-12-05 23:44:30.363275
..................................................................
Ingreso inválido al menú, 2020-12-05 23:44:30.378899
..................................................................
Menú, 2020-12-05 23:44:30.378899
..................................................................
Ingreso inválido al menú, 2020-12-05 23:44:30.378899
..................................................................
Menú, 2020-12-05 23:44:30.378899
..................................................................
Ingreso inválido al menú, 2020-12-05 23:44:30.394523
..................................................................
Menú, 2020-12-05 23:44:30.394523
..................................................................
Ingreso inválido al menú, 2020-12-05 23:44:52.147876
..................................................................
Menú, 2020-12-05 23:44:52.147876
..................................................................
Consultar total de viajes y monto por DNI, 2020-12-05 23:45:00.360926
..................................................................
Ingreso inválido al menú, 2020-12-05 23:45:11.246568
..................................................................
Menú, 2020-12-05 23:45:11.246568
..................................................................
Recurso administrador, 2020-12-05 23:45:15.411415
..................................................................
Menú, 2020-12-05 23:45:20.339487
..................................................................
Recurso administrador, 2020-12-05 23:45:24.110316
..................................................................
Menú, 2020-12-05 23:45:28.073170
..................................................................
Menú, 2020-12-06 00:10:01.361128
..................................................................
Menú, 2020-12-06 00:10:58.891387
..................................................................
Menú, 2020-12-06 00:11:58.531503
..................................................................
Búsqueda de clientes por nombre, 2020-12-06 00:11:59.625262
..................................................................
Ingreso inválido al menú, 2020-12-06 00:12:01.638488
..................................................................
Menú, 2020-12-06 00:12:01.638488
..................................................................
Menú, 2020-12-06 00:12:37.055446
..................................................................
Búsqueda de clientes por nombre, 2020-12-06 00:12:39.396903
..................................................................
Ingreso inválido al menú, 2020-12-06 00:12:41.121966
..................................................................
Menú, 2020-12-06 00:12:41.121966
..................................................................
Ingreso inválido al menú, 2020-12-06 00:12:51.531533
..................................................................
Menú, 2020-12-06 00:12:51.531533
..................................................................
Menú, 2020-12-06 00:13:07.426620
..................................................................
Búsqueda de clientes por nombre, 2020-12-06 00:13:08.129726
..................................................................
Ingreso inválido al menú, 2020-12-06 00:13:11.893961
..................................................................
Menú, 2020-12-06 00:13:11.893961
..................................................................
Búsqueda total usuarios por empresa, 2020-12-06 00:13:28.408288
..................................................................
Ingreso inválido al menú, 2020-12-06 00:13:33.274350
..................................................................
Menú, 2020-12-06 00:13:33.289974
..................................................................
Búsqueda total usuarios por empresa, 2020-12-06 00:13:36.134577
..................................................................
Ingreso inválido al menú, 2020-12-06 00:13:40.435826
..................................................................
Menú, 2020-12-06 00:13:40.451451
..................................................................
Búsqueda total usuarios por empresa, 2020-12-06 00:13:43.579555
..................................................................
Ingreso inválido al menú, 2020-12-06 00:13:46.751384
..................................................................
Menú, 2020-12-06 00:13:46.751384
..................................................................
Consultar montos por empresa, 2020-12-06 00:13:57.055392
..................................................................
Ingreso inválido al menú, 2020-12-06 00:13:58.635264
..................................................................
Menú, 2020-12-06 00:13:58.650888
..................................................................
Consultar montos por empresa, 2020-12-06 00:14:01.101474
..................................................................
Ingreso inválido al menú, 2020-12-06 00:14:09.958069
..................................................................
Menú, 2020-12-06 00:14:09.973694
..................................................................
Consultar total de viajes y monto por DNI, 2020-12-06 00:14:16.658896
..................................................................
Ingreso inválido al menú, 2020-12-06 00:14:24.548472
..................................................................
Menú, 2020-12-06 00:14:24.548472
..................................................................
Consultar total de viajes y monto por DNI, 2020-12-06 00:14:37.722248
..................................................................
Ingreso inválido al menú, 2020-12-06 00:14:38.848126
..................................................................
Menú, 2020-12-06 00:14:38.848126
..................................................................
Consultar total de viajes y monto por DNI, 2020-12-06 00:14:51.386829
..................................................................
Ingreso inválido al menú, 2020-12-06 00:14:57.887573
..................................................................
Menú, 2020-12-06 00:14:57.887573
..................................................................
Ingreso inválido al menú, 2020-12-06 00:14:59.886559
..................................................................
Menú, 2020-12-06 00:14:59.886559
..................................................................
Menú, 2020-12-06 00:19:01.277035
..................................................................
Consultar total de viajes y monto por DNI, 2020-12-06 00:19:02.667622
..................................................................
Ingreso inválido al menú, 2020-12-06 00:19:04.433292
..................................................................
Menú, 2020-12-06 00:19:04.433292
..................................................................
Consultar total de viajes y monto por DNI, 2020-12-06 00:19:14.206460
..................................................................
Ingreso inválido al menú, 2020-12-06 00:19:16.409520
..................................................................
Menú, 2020-12-06 00:19:16.409520
..................................................................
Consultar total de viajes y monto por DNI, 2020-12-06 00:20:39.456861
..................................................................
Ingreso inválido al menú, 2020-12-06 00:20:42.472464
..................................................................
Menú, 2020-12-06 00:20:42.472464
..................................................................
Consultar total de viajes y monto por DNI, 2020-12-06 00:22:17.481498
..................................................................
Ingreso inválido al menú, 2020-12-06 00:22:22.252755
..................................................................
Menú, 2020-12-06 00:22:22.252755
..................................................................
Menú, 2020-12-06 00:23:33.648588
..................................................................
Consultar total de viajes y monto por DNI, 2020-12-06 00:23:35.817337
..................................................................
Ingreso inválido al menú, 2020-12-06 00:24:14.688188
..................................................................
Menú, 2020-12-06 00:24:14.703809
..................................................................
Recurso administrador, 2020-12-06 00:24:36.134036
..................................................................
Menú, 2020-12-06 00:24:39.915140
..................................................................
Consultar total de viajes y monto por DNI, 2020-12-06 00:24:44.117893
..................................................................
Ingreso inválido al menú, 2020-12-06 00:25:00.887775
..................................................................
Menú, 2020-12-06 00:25:00.887775
..................................................................
Recurso administrador, 2020-12-06 00:25:07.003007
..................................................................
Menú, 2020-12-06 00:25:11.708090
..................................................................
Salir, 2020-12-06 00:25:19.758571
..................................................................
Menú, 2020-12-06 00:35:29.831739
..................................................................
Búsqueda de clientes por nombre, 2020-12-06 00:35:31.659807
..................................................................
Ingreso inválido al menú, 2020-12-06 00:35:33.847242
..................................................................
Menú, 2020-12-06 00:35:33.847242
..................................................................
Búsqueda total usuarios por empresa, 2020-12-06 00:35:37.003236
..................................................................
Ingreso inválido al menú, 2020-12-06 00:35:50.426359
..................................................................
Menú, 2020-12-06 00:35:50.426359
..................................................................
Búsqueda total usuarios por empresa, 2020-12-06 00:35:53.247141
..................................................................
Ingreso inválido al menú, 2020-12-06 00:36:04.033514
..................................................................
Menú, 2020-12-06 00:36:04.033514
..................................................................
Consultar montos por empresa, 2020-12-06 00:36:08.926404
..................................................................
Ingreso inválido al menú, 2020-12-06 00:36:15.618904
..................................................................
Menú, 2020-12-06 00:36:15.618904
..................................................................
Consultar total de viajes y monto por DNI, 2020-12-06 00:36:21.074511
..................................................................
Ingreso inválido al menú, 2020-12-06 00:36:24.406466
..................................................................
Menú, 2020-12-06 00:36:24.406466
..................................................................
Recurso administrador, 2020-12-06 00:36:29.064033
..................................................................
Menú, 2020-12-06 00:36:31.764858
..................................................................
Ingreso inválido al menú, 2020-12-06 00:36:33.061698
..................................................................
Menú, 2020-12-06 00:36:33.061698
..................................................................
Recurso administrador, 2020-12-06 00:36:35.714722
..................................................................
Menú, 2020-12-06 00:36:40.668617
..................................................................
Salir, 2020-12-06 00:36:43.793596
..................................................................
Menú, 2020-12-06 00:42:59.781647
